2018-06-11 21:00:21.297  INFO 9794 --- [main] com.example.master10.Application         : Starting Application on Camilos-MacBook-Pro.local with PID 9794 (/Users/McadaC/Documents/Study/Spring/master_spring_boot/master.1.0/out/production/classes started by McadaC in /Users/McadaC/Documents/Study/Spring/master_spring_boot/master.1.0)
2018-06-11 21:00:21.308  INFO 9794 --- [main] com.example.master10.Application         : No active profile set, falling back to default profiles: default
2018-06-11 21:00:21.534  INFO 9794 --- [main] ConfigServletWebServerApplicationContext : Refreshing org.springframework.boot.web.servlet.context.AnnotationConfigServletWebServerApplicationContext@327b636c: startup date [Mon Jun 11 21:00:21 COT 2018]; root of context hierarchy
2018-06-11 21:00:22.868  INFO 9794 --- [main] o.s.b.w.embedded.tomcat.TomcatWebServer  : Tomcat initialized with port(s): 8080 (http)
2018-06-11 21:00:22.889  INFO 9794 --- [main] o.apache.catalina.core.StandardService   : Starting service [Tomcat]
2018-06-11 21:00:22.891  INFO 9794 --- [main] org.apache.catalina.core.StandardEngine  : Starting Servlet Engine: Apache Tomcat/8.5.31
2018-06-11 21:00:22.895  INFO 9794 --- [localhost-startStop-1] o.a.catalina.core.AprLifecycleListener   : The APR based Apache Tomcat Native library which allows optimal performance in production environments was not found on the java.library.path: [/Users/McadaC/Library/Java/Extensions:/Library/Java/Extensions:/Network/Library/Java/Extensions:/System/Library/Java/Extensions:/usr/lib/java:.]
2018-06-11 21:00:22.956  INFO 9794 --- [localhost-startStop-1] o.a.c.c.C.[Tomcat].[localhost].[/]       : Initializing Spring embedded WebApplicationContext
2018-06-11 21:00:22.957  INFO 9794 --- [localhost-startStop-1] o.s.web.context.ContextLoader            : Root WebApplicationContext: initialization completed in 1422 ms
2018-06-11 21:00:23.096  INFO 9794 --- [localhost-startStop-1] o.s.b.w.servlet.ServletRegistrationBean  : Servlet dispatcherServlet mapped to [/]
2018-06-11 21:00:23.100  INFO 9794 --- [localhost-startStop-1] o.s.b.w.servlet.FilterRegistrationBean   : Mapping filter: 'characterEncodingFilter' to: [/*]
2018-06-11 21:00:23.100  INFO 9794 --- [localhost-startStop-1] o.s.b.w.servlet.FilterRegistrationBean   : Mapping filter: 'hiddenHttpMethodFilter' to: [/*]
2018-06-11 21:00:23.101  INFO 9794 --- [localhost-startStop-1] o.s.b.w.servlet.FilterRegistrationBean   : Mapping filter: 'httpPutFormContentFilter' to: [/*]
2018-06-11 21:00:23.101  INFO 9794 --- [localhost-startStop-1] o.s.b.w.servlet.FilterRegistrationBean   : Mapping filter: 'requestContextFilter' to: [/*]
2018-06-11 21:00:23.220  INFO 9794 --- [main] o.s.w.s.handler.SimpleUrlHandlerMapping  : Mapped URL path [/**/favicon.ico] onto handler of type [class org.springframework.web.servlet.resource.ResourceHttpRequestHandler]
2018-06-11 21:00:23.443  INFO 9794 --- [main] s.w.s.m.m.a.RequestMappingHandlerAdapter : Looking for @ControllerAdvice: org.springframework.boot.web.servlet.context.AnnotationConfigServletWebServerApplicationContext@327b636c: startup date [Mon Jun 11 21:00:21 COT 2018]; root of context hierarchy
2018-06-11 21:00:23.491  INFO 9794 --- [main] s.w.s.m.m.a.RequestMappingHandlerMapping : Mapped "{[/error]}" onto public org.springframework.http.ResponseEntity<java.util.Map<java.lang.String, java.lang.Object>> org.springframework.boot.autoconfigure.web.servlet.error.BasicErrorController.error(javax.servlet.http.HttpServletRequest)
2018-06-11 21:00:23.493  INFO 9794 --- [main] s.w.s.m.m.a.RequestMappingHandlerMapping : Mapped "{[/error],produces=[text/html]}" onto public org.springframework.web.servlet.ModelAndView org.springframework.boot.autoconfigure.web.servlet.error.BasicErrorController.errorHtml(javax.servlet.http.HttpServletRequest,javax.servlet.http.HttpServletResponse)
2018-06-11 21:00:23.522  INFO 9794 --- [main] o.s.w.s.handler.SimpleUrlHandlerMapping  : Mapped URL path [/webjars/**] onto handler of type [class org.springframework.web.servlet.resource.ResourceHttpRequestHandler]
2018-06-11 21:00:23.522  INFO 9794 --- [main] o.s.w.s.handler.SimpleUrlHandlerMapping  : Mapped URL path [/**] onto handler of type [class org.springframework.web.servlet.resource.ResourceHttpRequestHandler]
2018-06-11 21:00:23.658  INFO 9794 --- [main] o.s.j.e.a.AnnotationMBeanExporter        : Registering beans for JMX exposure on startup
2018-06-11 21:00:23.708  INFO 9794 --- [main] o.s.b.w.embedded.tomcat.TomcatWebServer  : Tomcat started on port(s): 8080 (http) with context path ''
2018-06-11 21:00:23.713  INFO 9794 --- [main] com.example.master10.Application         : Started Application in 3.241 seconds (JVM running for 4.562)
2018-06-11 21:01:55.781  INFO 9794 --- [Thread-10] ConfigServletWebServerApplicationContext : Closing org.springframework.boot.web.servlet.context.AnnotationConfigServletWebServerApplicationContext@327b636c: startup date [Mon Jun 11 21:00:21 COT 2018]; root of context hierarchy
2018-06-11 21:01:55.784  INFO 9794 --- [Thread-10] o.s.j.e.a.AnnotationMBeanExporter        : Unregistering JMX-exposed beans on shutdown
2018-06-11 21:02:00.828  INFO 9831 --- [main] com.example.master10.Application         : Starting Application on Camilos-MacBook-Pro.local with PID 9831 (/Users/McadaC/Documents/Study/Spring/master_spring_boot/master.1.0/out/production/classes started by McadaC in /Users/McadaC/Documents/Study/Spring/master_spring_boot/master.1.0)
2018-06-11 21:02:00.834  INFO 9831 --- [main] com.example.master10.Application         : No active profile set, falling back to default profiles: default
2018-06-11 21:02:00.911  INFO 9831 --- [main] ConfigServletWebServerApplicationContext : Refreshing org.springframework.boot.web.servlet.context.AnnotationConfigServletWebServerApplicationContext@6156496: startup date [Mon Jun 11 21:02:00 COT 2018]; root of context hierarchy
2018-06-11 21:02:02.407  INFO 9831 --- [main] o.s.b.w.embedded.tomcat.TomcatWebServer  : Tomcat initialized with port(s): 8080 (http)
2018-06-11 21:02:02.428  INFO 9831 --- [main] o.apache.catalina.core.StandardService   : Starting service [Tomcat]
2018-06-11 21:02:02.428  INFO 9831 --- [main] org.apache.catalina.core.StandardEngine  : Starting Servlet Engine: Apache Tomcat/8.5.31
2018-06-11 21:02:02.432  INFO 9831 --- [localhost-startStop-1] o.a.catalina.core.AprLifecycleListener   : The APR based Apache Tomcat Native library which allows optimal performance in production environments was not found on the java.library.path: [/Users/McadaC/Library/Java/Extensions:/Library/Java/Extensions:/Network/Library/Java/Extensions:/System/Library/Java/Extensions:/usr/lib/java:.]
2018-06-11 21:02:02.494  INFO 9831 --- [localhost-startStop-1] o.a.c.c.C.[Tomcat].[localhost].[/]       : Initializing Spring embedded WebApplicationContext
2018-06-11 21:02:02.495  INFO 9831 --- [localhost-startStop-1] o.s.web.context.ContextLoader            : Root WebApplicationContext: initialization completed in 1585 ms
2018-06-11 21:02:02.612  INFO 9831 --- [localhost-startStop-1] o.s.b.w.servlet.ServletRegistrationBean  : Servlet dispatcherServlet mapped to [/]
2018-06-11 21:02:02.620  INFO 9831 --- [localhost-startStop-1] o.s.b.w.servlet.FilterRegistrationBean   : Mapping filter: 'characterEncodingFilter' to: [/*]
2018-06-11 21:02:02.621  INFO 9831 --- [localhost-startStop-1] o.s.b.w.servlet.FilterRegistrationBean   : Mapping filter: 'hiddenHttpMethodFilter' to: [/*]
2018-06-11 21:02:02.621  INFO 9831 --- [localhost-startStop-1] o.s.b.w.servlet.FilterRegistrationBean   : Mapping filter: 'httpPutFormContentFilter' to: [/*]
2018-06-11 21:02:02.622  INFO 9831 --- [localhost-startStop-1] o.s.b.w.servlet.FilterRegistrationBean   : Mapping filter: 'requestContextFilter' to: [/*]
2018-06-11 21:02:02.758  INFO 9831 --- [main] o.s.w.s.handler.SimpleUrlHandlerMapping  : Mapped URL path [/**/favicon.ico] onto handler of type [class org.springframework.web.servlet.resource.ResourceHttpRequestHandler]
2018-06-11 21:02:02.972  INFO 9831 --- [main] s.w.s.m.m.a.RequestMappingHandlerAdapter : Looking for @ControllerAdvice: org.springframework.boot.web.servlet.context.AnnotationConfigServletWebServerApplicationContext@6156496: startup date [Mon Jun 11 21:02:00 COT 2018]; root of context hierarchy
2018-06-11 21:02:03.027  INFO 9831 --- [main] s.w.s.m.m.a.RequestMappingHandlerMapping : Mapped "{[/error]}" onto public org.springframework.http.ResponseEntity<java.util.Map<java.lang.String, java.lang.Object>> org.springframework.boot.autoconfigure.web.servlet.error.BasicErrorController.error(javax.servlet.http.HttpServletRequest)
2018-06-11 21:02:03.028  INFO 9831 --- [main] s.w.s.m.m.a.RequestMappingHandlerMapping : Mapped "{[/error],produces=[text/html]}" onto public org.springframework.web.servlet.ModelAndView org.springframework.boot.autoconfigure.web.servlet.error.BasicErrorController.errorHtml(javax.servlet.http.HttpServletRequest,javax.servlet.http.HttpServletResponse)
2018-06-11 21:02:03.052  INFO 9831 --- [main] o.s.w.s.handler.SimpleUrlHandlerMapping  : Mapped URL path [/webjars/**] onto handler of type [class org.springframework.web.servlet.resource.ResourceHttpRequestHandler]
2018-06-11 21:02:03.052  INFO 9831 --- [main] o.s.w.s.handler.SimpleUrlHandlerMapping  : Mapped URL path [/**] onto handler of type [class org.springframework.web.servlet.resource.ResourceHttpRequestHandler]
2018-06-11 21:02:03.201  INFO 9831 --- [main] o.s.j.e.a.AnnotationMBeanExporter        : Registering beans for JMX exposure on startup
2018-06-11 21:02:03.254  INFO 9831 --- [main] o.s.b.w.embedded.tomcat.TomcatWebServer  : Tomcat started on port(s): 8080 (http) with context path ''
2018-06-11 21:02:03.259  INFO 9831 --- [main] com.example.master10.Application         : Started Application in 3.032 seconds (JVM running for 3.874)
2018-06-11 21:02:18.480  INFO 9831 --- [Thread-10] ConfigServletWebServerApplicationContext : Closing org.springframework.boot.web.servlet.context.AnnotationConfigServletWebServerApplicationContext@6156496: startup date [Mon Jun 11 21:02:00 COT 2018]; root of context hierarchy
2018-06-11 21:02:18.483  INFO 9831 --- [Thread-10] o.s.j.e.a.AnnotationMBeanExporter        : Unregistering JMX-exposed beans on shutdown
2018-06-11 21:03:16.395  INFO 9863 --- [main] com.example.master10.Application         : Starting Application on Camilos-MacBook-Pro.local with PID 9863 (/Users/McadaC/Documents/Study/Spring/master_spring_boot/master.1.0/out/production/classes started by McadaC in /Users/McadaC/Documents/Study/Spring/master_spring_boot/master.1.0)
2018-06-11 21:03:16.400  INFO 9863 --- [main] com.example.master10.Application         : No active profile set, falling back to default profiles: default
2018-06-11 21:03:16.478  INFO 9863 --- [main] ConfigServletWebServerApplicationContext : Refreshing org.springframework.boot.web.servlet.context.AnnotationConfigServletWebServerApplicationContext@3901d134: startup date [Mon Jun 11 21:03:16 COT 2018]; root of context hierarchy
2018-06-11 21:03:18.132  INFO 9863 --- [main] o.s.b.w.embedded.tomcat.TomcatWebServer  : Tomcat initialized with port(s): 8080 (http)
2018-06-11 21:03:18.153  INFO 9863 --- [main] o.apache.catalina.core.StandardService   : Starting service [Tomcat]
2018-06-11 21:03:18.154  INFO 9863 --- [main] org.apache.catalina.core.StandardEngine  : Starting Servlet Engine: Apache Tomcat/8.5.31
2018-06-11 21:03:18.158  INFO 9863 --- [localhost-startStop-1] o.a.catalina.core.AprLifecycleListener   : The APR based Apache Tomcat Native library which allows optimal performance in production environments was not found on the java.library.path: [/Users/McadaC/Library/Java/Extensions:/Library/Java/Extensions:/Network/Library/Java/Extensions:/System/Library/Java/Extensions:/usr/lib/java:.]
2018-06-11 21:03:18.225  INFO 9863 --- [localhost-startStop-1] o.a.c.c.C.[Tomcat].[localhost].[/]       : Initializing Spring embedded WebApplicationContext
2018-06-11 21:03:18.225  INFO 9863 --- [localhost-startStop-1] o.s.web.context.ContextLoader            : Root WebApplicationContext: initialization completed in 1748 ms
2018-06-11 21:03:18.345  INFO 9863 --- [localhost-startStop-1] o.s.b.w.servlet.ServletRegistrationBean  : Servlet dispatcherServlet mapped to [/]
2018-06-11 21:03:18.350  INFO 9863 --- [localhost-startStop-1] o.s.b.w.servlet.FilterRegistrationBean   : Mapping filter: 'characterEncodingFilter' to: [/*]
2018-06-11 21:03:18.350  INFO 9863 --- [localhost-startStop-1] o.s.b.w.servlet.FilterRegistrationBean   : Mapping filter: 'hiddenHttpMethodFilter' to: [/*]
2018-06-11 21:03:18.350  INFO 9863 --- [localhost-startStop-1] o.s.b.w.servlet.FilterRegistrationBean   : Mapping filter: 'httpPutFormContentFilter' to: [/*]
2018-06-11 21:03:18.351  INFO 9863 --- [localhost-startStop-1] o.s.b.w.servlet.FilterRegistrationBean   : Mapping filter: 'requestContextFilter' to: [/*]
2018-06-11 21:03:18.480  INFO 9863 --- [main] o.s.w.s.handler.SimpleUrlHandlerMapping  : Mapped URL path [/**/favicon.ico] onto handler of type [class org.springframework.web.servlet.resource.ResourceHttpRequestHandler]
2018-06-11 21:03:18.713  INFO 9863 --- [main] s.w.s.m.m.a.RequestMappingHandlerAdapter : Looking for @ControllerAdvice: org.springframework.boot.web.servlet.context.AnnotationConfigServletWebServerApplicationContext@3901d134: startup date [Mon Jun 11 21:03:16 COT 2018]; root of context hierarchy
2018-06-11 21:03:18.763  INFO 9863 --- [main] s.w.s.m.m.a.RequestMappingHandlerMapping : Mapped "{[/error]}" onto public org.springframework.http.ResponseEntity<java.util.Map<java.lang.String, java.lang.Object>> org.springframework.boot.autoconfigure.web.servlet.error.BasicErrorController.error(javax.servlet.http.HttpServletRequest)
2018-06-11 21:03:18.764  INFO 9863 --- [main] s.w.s.m.m.a.RequestMappingHandlerMapping : Mapped "{[/error],produces=[text/html]}" onto public org.springframework.web.servlet.ModelAndView org.springframework.boot.autoconfigure.web.servlet.error.BasicErrorController.errorHtml(javax.servlet.http.HttpServletRequest,javax.servlet.http.HttpServletResponse)
2018-06-11 21:03:18.788  INFO 9863 --- [main] o.s.w.s.handler.SimpleUrlHandlerMapping  : Mapped URL path [/webjars/**] onto handler of type [class org.springframework.web.servlet.resource.ResourceHttpRequestHandler]
2018-06-11 21:03:18.788  INFO 9863 --- [main] o.s.w.s.handler.SimpleUrlHandlerMapping  : Mapped URL path [/**] onto handler of type [class org.springframework.web.servlet.resource.ResourceHttpRequestHandler]
2018-06-11 21:03:18.931  INFO 9863 --- [main] o.s.j.e.a.AnnotationMBeanExporter        : Registering beans for JMX exposure on startup
2018-06-11 21:03:18.983  INFO 9863 --- [main] o.s.b.w.embedded.tomcat.TomcatWebServer  : Tomcat started on port(s): 8080 (http) with context path ''
2018-06-11 21:03:18.988  INFO 9863 --- [main] com.example.master10.Application         : Started Application in 3.142 seconds (JVM running for 4.069)
2018-06-11 21:03:45.250  INFO 9863 --- [Thread-9] ConfigServletWebServerApplicationContext : Closing org.springframework.boot.web.servlet.context.AnnotationConfigServletWebServerApplicationContext@3901d134: startup date [Mon Jun 11 21:03:16 COT 2018]; root of context hierarchy
2018-06-11 21:03:45.254  INFO 9863 --- [Thread-9] o.s.j.e.a.AnnotationMBeanExporter        : Unregistering JMX-exposed beans on shutdown
