2018-06-11 21:09:12.541  INFO 9973 --- [main] com.example.master10.Application         : Starting Application on Camilos-MacBook-Pro.local with PID 9973 (/Users/McadaC/Documents/Study/Spring/master_spring_boot/master.1.0/out/production/classes started by McadaC in /Users/McadaC/Documents/Study/Spring/master_spring_boot/master.1.0)
2018-06-11 21:09:12.546  INFO 9973 --- [main] com.example.master10.Application         : The following profiles are active: dev
2018-06-11 21:09:12.726  INFO 9973 --- [main] ConfigServletWebServerApplicationContext : Refreshing org.springframework.boot.web.servlet.context.AnnotationConfigServletWebServerApplicationContext@5119fb47: startup date [Mon Jun 11 21:09:12 COT 2018]; root of context hierarchy
2018-06-11 21:09:14.043  INFO 9973 --- [main] o.s.b.w.embedded.tomcat.TomcatWebServer  : Tomcat initialized with port(s): 8080 (http)
2018-06-11 21:09:14.076  INFO 9973 --- [main] o.apache.catalina.core.StandardService   : Starting service [Tomcat]
2018-06-11 21:09:14.077  INFO 9973 --- [main] org.apache.catalina.core.StandardEngine  : Starting Servlet Engine: Apache Tomcat/8.5.31
2018-06-11 21:09:14.082  INFO 9973 --- [localhost-startStop-1] o.a.catalina.core.AprLifecycleListener   : The APR based Apache Tomcat Native library which allows optimal performance in production environments was not found on the java.library.path: [/Users/McadaC/Library/Java/Extensions:/Library/Java/Extensions:/Network/Library/Java/Extensions:/System/Library/Java/Extensions:/usr/lib/java:.]
2018-06-11 21:09:14.162  INFO 9973 --- [localhost-startStop-1] o.a.c.c.C.[Tomcat].[localhost].[/]       : Initializing Spring embedded WebApplicationContext
2018-06-11 21:09:14.163  INFO 9973 --- [localhost-startStop-1] o.s.web.context.ContextLoader            : Root WebApplicationContext: initialization completed in 1437 ms
2018-06-11 21:09:14.314  INFO 9973 --- [localhost-startStop-1] o.s.b.w.servlet.ServletRegistrationBean  : Servlet dispatcherServlet mapped to [/]
2018-06-11 21:09:14.319  INFO 9973 --- [localhost-startStop-1] o.s.b.w.servlet.FilterRegistrationBean   : Mapping filter: 'characterEncodingFilter' to: [/*]
2018-06-11 21:09:14.320  INFO 9973 --- [localhost-startStop-1] o.s.b.w.servlet.FilterRegistrationBean   : Mapping filter: 'hiddenHttpMethodFilter' to: [/*]
2018-06-11 21:09:14.321  INFO 9973 --- [localhost-startStop-1] o.s.b.w.servlet.FilterRegistrationBean   : Mapping filter: 'httpPutFormContentFilter' to: [/*]
2018-06-11 21:09:14.321  INFO 9973 --- [localhost-startStop-1] o.s.b.w.servlet.FilterRegistrationBean   : Mapping filter: 'requestContextFilter' to: [/*]
2018-06-11 21:09:14.465  INFO 9973 --- [main] o.s.w.s.handler.SimpleUrlHandlerMapping  : Mapped URL path [/**/favicon.ico] onto handler of type [class org.springframework.web.servlet.resource.ResourceHttpRequestHandler]
2018-06-11 21:09:14.761  INFO 9973 --- [main] s.w.s.m.m.a.RequestMappingHandlerAdapter : Looking for @ControllerAdvice: org.springframework.boot.web.servlet.context.AnnotationConfigServletWebServerApplicationContext@5119fb47: startup date [Mon Jun 11 21:09:12 COT 2018]; root of context hierarchy
2018-06-11 21:09:14.814  INFO 9973 --- [main] s.w.s.m.m.a.RequestMappingHandlerMapping : Mapped "{[/error]}" onto public org.springframework.http.ResponseEntity<java.util.Map<java.lang.String, java.lang.Object>> org.springframework.boot.autoconfigure.web.servlet.error.BasicErrorController.error(javax.servlet.http.HttpServletRequest)
2018-06-11 21:09:14.816  INFO 9973 --- [main] s.w.s.m.m.a.RequestMappingHandlerMapping : Mapped "{[/error],produces=[text/html]}" onto public org.springframework.web.servlet.ModelAndView org.springframework.boot.autoconfigure.web.servlet.error.BasicErrorController.errorHtml(javax.servlet.http.HttpServletRequest,javax.servlet.http.HttpServletResponse)
2018-06-11 21:09:14.842  INFO 9973 --- [main] o.s.w.s.handler.SimpleUrlHandlerMapping  : Mapped URL path [/webjars/**] onto handler of type [class org.springframework.web.servlet.resource.ResourceHttpRequestHandler]
2018-06-11 21:09:14.843  INFO 9973 --- [main] o.s.w.s.handler.SimpleUrlHandlerMapping  : Mapped URL path [/**] onto handler of type [class org.springframework.web.servlet.resource.ResourceHttpRequestHandler]
2018-06-11 21:09:14.988  INFO 9973 --- [main] o.s.j.e.a.AnnotationMBeanExporter        : Registering beans for JMX exposure on startup
2018-06-11 21:09:15.083  INFO 9973 --- [main] o.s.b.w.embedded.tomcat.TomcatWebServer  : Tomcat started on port(s): 8080 (http) with context path ''
2018-06-11 21:09:15.089  INFO 9973 --- [main] com.example.master10.Application         : Started Application in 3.463 seconds (JVM running for 4.703)
2018-06-11 21:09:27.805  INFO 9973 --- [Thread-10] ConfigServletWebServerApplicationContext : Closing org.springframework.boot.web.servlet.context.AnnotationConfigServletWebServerApplicationContext@5119fb47: startup date [Mon Jun 11 21:09:12 COT 2018]; root of context hierarchy
2018-06-11 21:09:27.809  INFO 9973 --- [Thread-10] o.s.j.e.a.AnnotationMBeanExporter        : Unregistering JMX-exposed beans on shutdown
2018-06-11 21:10:04.152  INFO 9987 --- [main] com.example.master10.Application         : Starting Application on Camilos-MacBook-Pro.local with PID 9987 (/Users/McadaC/Documents/Study/Spring/master_spring_boot/master.1.0/out/production/classes started by McadaC in /Users/McadaC/Documents/Study/Spring/master_spring_boot/master.1.0)
2018-06-11 21:10:04.156  INFO 9987 --- [main] com.example.master10.Application         : The following profiles are active: dev
2018-06-11 21:10:04.260  INFO 9987 --- [main] ConfigServletWebServerApplicationContext : Refreshing org.springframework.boot.web.servlet.context.AnnotationConfigServletWebServerApplicationContext@2f9f7dcf: startup date [Mon Jun 11 21:10:04 COT 2018]; root of context hierarchy
2018-06-11 21:10:05.589  INFO 9987 --- [main] o.s.b.w.embedded.tomcat.TomcatWebServer  : Tomcat initialized with port(s): 8080 (http)
2018-06-11 21:10:05.614  INFO 9987 --- [main] o.apache.catalina.core.StandardService   : Starting service [Tomcat]
2018-06-11 21:10:05.615  INFO 9987 --- [main] org.apache.catalina.core.StandardEngine  : Starting Servlet Engine: Apache Tomcat/8.5.31
2018-06-11 21:10:05.619  INFO 9987 --- [localhost-startStop-1] o.a.catalina.core.AprLifecycleListener   : The APR based Apache Tomcat Native library which allows optimal performance in production environments was not found on the java.library.path: [/Users/McadaC/Library/Java/Extensions:/Library/Java/Extensions:/Network/Library/Java/Extensions:/System/Library/Java/Extensions:/usr/lib/java:.]
2018-06-11 21:10:05.694  INFO 9987 --- [localhost-startStop-1] o.a.c.c.C.[Tomcat].[localhost].[/]       : Initializing Spring embedded WebApplicationContext
2018-06-11 21:10:05.694  INFO 9987 --- [localhost-startStop-1] o.s.web.context.ContextLoader            : Root WebApplicationContext: initialization completed in 1436 ms
2018-06-11 21:10:05.830  INFO 9987 --- [localhost-startStop-1] o.s.b.w.servlet.ServletRegistrationBean  : Servlet dispatcherServlet mapped to [/]
2018-06-11 21:10:05.835  INFO 9987 --- [localhost-startStop-1] o.s.b.w.servlet.FilterRegistrationBean   : Mapping filter: 'characterEncodingFilter' to: [/*]
2018-06-11 21:10:05.836  INFO 9987 --- [localhost-startStop-1] o.s.b.w.servlet.FilterRegistrationBean   : Mapping filter: 'hiddenHttpMethodFilter' to: [/*]
2018-06-11 21:10:05.836  INFO 9987 --- [localhost-startStop-1] o.s.b.w.servlet.FilterRegistrationBean   : Mapping filter: 'httpPutFormContentFilter' to: [/*]
2018-06-11 21:10:05.837  INFO 9987 --- [localhost-startStop-1] o.s.b.w.servlet.FilterRegistrationBean   : Mapping filter: 'requestContextFilter' to: [/*]
2018-06-11 21:10:05.970  INFO 9987 --- [main] o.s.w.s.handler.SimpleUrlHandlerMapping  : Mapped URL path [/**/favicon.ico] onto handler of type [class org.springframework.web.servlet.resource.ResourceHttpRequestHandler]
2018-06-11 21:10:06.179  INFO 9987 --- [main] s.w.s.m.m.a.RequestMappingHandlerAdapter : Looking for @ControllerAdvice: org.springframework.boot.web.servlet.context.AnnotationConfigServletWebServerApplicationContext@2f9f7dcf: startup date [Mon Jun 11 21:10:04 COT 2018]; root of context hierarchy
2018-06-11 21:10:06.230  INFO 9987 --- [main] s.w.s.m.m.a.RequestMappingHandlerMapping : Mapped "{[/error]}" onto public org.springframework.http.ResponseEntity<java.util.Map<java.lang.String, java.lang.Object>> org.springframework.boot.autoconfigure.web.servlet.error.BasicErrorController.error(javax.servlet.http.HttpServletRequest)
2018-06-11 21:10:06.231  INFO 9987 --- [main] s.w.s.m.m.a.RequestMappingHandlerMapping : Mapped "{[/error],produces=[text/html]}" onto public org.springframework.web.servlet.ModelAndView org.springframework.boot.autoconfigure.web.servlet.error.BasicErrorController.errorHtml(javax.servlet.http.HttpServletRequest,javax.servlet.http.HttpServletResponse)
2018-06-11 21:10:06.255  INFO 9987 --- [main] o.s.w.s.handler.SimpleUrlHandlerMapping  : Mapped URL path [/webjars/**] onto handler of type [class org.springframework.web.servlet.resource.ResourceHttpRequestHandler]
2018-06-11 21:10:06.256  INFO 9987 --- [main] o.s.w.s.handler.SimpleUrlHandlerMapping  : Mapped URL path [/**] onto handler of type [class org.springframework.web.servlet.resource.ResourceHttpRequestHandler]
2018-06-11 21:10:06.397  INFO 9987 --- [main] o.s.j.e.a.AnnotationMBeanExporter        : Registering beans for JMX exposure on startup
2018-06-11 21:10:06.451  INFO 9987 --- [main] o.s.b.w.embedded.tomcat.TomcatWebServer  : Tomcat started on port(s): 8080 (http) with context path ''
2018-06-11 21:10:06.455  INFO 9987 --- [main] com.example.master10.Application         : Started Application in 3.0 seconds (JVM running for 3.994)
2018-06-11 21:12:33.786  INFO 9987 --- [Thread-9] ConfigServletWebServerApplicationContext : Closing org.springframework.boot.web.servlet.context.AnnotationConfigServletWebServerApplicationContext@2f9f7dcf: startup date [Mon Jun 11 21:10:04 COT 2018]; root of context hierarchy
2018-06-11 21:12:33.789  INFO 9987 --- [Thread-9] o.s.j.e.a.AnnotationMBeanExporter        : Unregistering JMX-exposed beans on shutdown
2018-06-11 21:12:38.277  INFO 10041 --- [main] com.example.master10.Application         : Starting Application on Camilos-MacBook-Pro.local with PID 10041 (/Users/McadaC/Documents/Study/Spring/master_spring_boot/master.1.0/out/production/classes started by McadaC in /Users/McadaC/Documents/Study/Spring/master_spring_boot/master.1.0)
2018-06-11 21:12:38.284  INFO 10041 --- [main] com.example.master10.Application         : The following profiles are active: dev
2018-06-11 21:12:38.373  INFO 10041 --- [main] ConfigServletWebServerApplicationContext : Refreshing org.springframework.boot.web.servlet.context.AnnotationConfigServletWebServerApplicationContext@9f116cc: startup date [Mon Jun 11 21:12:38 COT 2018]; root of context hierarchy
2018-06-11 21:12:39.724  INFO 10041 --- [main] o.s.b.w.embedded.tomcat.TomcatWebServer  : Tomcat initialized with port(s): 8080 (http)
2018-06-11 21:12:39.756  INFO 10041 --- [main] o.apache.catalina.core.StandardService   : Starting service [Tomcat]
2018-06-11 21:12:39.757  INFO 10041 --- [main] org.apache.catalina.core.StandardEngine  : Starting Servlet Engine: Apache Tomcat/8.5.31
2018-06-11 21:12:39.763  INFO 10041 --- [localhost-startStop-1] o.a.catalina.core.AprLifecycleListener   : The APR based Apache Tomcat Native library which allows optimal performance in production environments was not found on the java.library.path: [/Users/McadaC/Library/Java/Extensions:/Library/Java/Extensions:/Network/Library/Java/Extensions:/System/Library/Java/Extensions:/usr/lib/java:.]
2018-06-11 21:12:39.842  INFO 10041 --- [localhost-startStop-1] o.a.c.c.C.[Tomcat].[localhost].[/]       : Initializing Spring embedded WebApplicationContext
2018-06-11 21:12:39.842  INFO 10041 --- [localhost-startStop-1] o.s.web.context.ContextLoader            : Root WebApplicationContext: initialization completed in 1469 ms
2018-06-11 21:12:40.010  INFO 10041 --- [localhost-startStop-1] o.s.b.w.servlet.ServletRegistrationBean  : Servlet dispatcherServlet mapped to [/]
2018-06-11 21:12:40.015  INFO 10041 --- [localhost-startStop-1] o.s.b.w.servlet.FilterRegistrationBean   : Mapping filter: 'characterEncodingFilter' to: [/*]
2018-06-11 21:12:40.016  INFO 10041 --- [localhost-startStop-1] o.s.b.w.servlet.FilterRegistrationBean   : Mapping filter: 'hiddenHttpMethodFilter' to: [/*]
2018-06-11 21:12:40.017  INFO 10041 --- [localhost-startStop-1] o.s.b.w.servlet.FilterRegistrationBean   : Mapping filter: 'httpPutFormContentFilter' to: [/*]
2018-06-11 21:12:40.017  INFO 10041 --- [localhost-startStop-1] o.s.b.w.servlet.FilterRegistrationBean   : Mapping filter: 'requestContextFilter' to: [/*]
2018-06-11 21:12:40.142  INFO 10041 --- [main] o.s.w.s.handler.SimpleUrlHandlerMapping  : Mapped URL path [/**/favicon.ico] onto handler of type [class org.springframework.web.servlet.resource.ResourceHttpRequestHandler]
2018-06-11 21:12:40.430  INFO 10041 --- [main] s.w.s.m.m.a.RequestMappingHandlerAdapter : Looking for @ControllerAdvice: org.springframework.boot.web.servlet.context.AnnotationConfigServletWebServerApplicationContext@9f116cc: startup date [Mon Jun 11 21:12:38 COT 2018]; root of context hierarchy
2018-06-11 21:12:40.497  INFO 10041 --- [main] s.w.s.m.m.a.RequestMappingHandlerMapping : Mapped "{[/error]}" onto public org.springframework.http.ResponseEntity<java.util.Map<java.lang.String, java.lang.Object>> org.springframework.boot.autoconfigure.web.servlet.error.BasicErrorController.error(javax.servlet.http.HttpServletRequest)
2018-06-11 21:12:40.499  INFO 10041 --- [main] s.w.s.m.m.a.RequestMappingHandlerMapping : Mapped "{[/error],produces=[text/html]}" onto public org.springframework.web.servlet.ModelAndView org.springframework.boot.autoconfigure.web.servlet.error.BasicErrorController.errorHtml(javax.servlet.http.HttpServletRequest,javax.servlet.http.HttpServletResponse)
2018-06-11 21:12:40.523  INFO 10041 --- [main] o.s.w.s.handler.SimpleUrlHandlerMapping  : Mapped URL path [/webjars/**] onto handler of type [class org.springframework.web.servlet.resource.ResourceHttpRequestHandler]
2018-06-11 21:12:40.524  INFO 10041 --- [main] o.s.w.s.handler.SimpleUrlHandlerMapping  : Mapped URL path [/**] onto handler of type [class org.springframework.web.servlet.resource.ResourceHttpRequestHandler]
2018-06-11 21:12:40.713  INFO 10041 --- [main] o.s.j.e.a.AnnotationMBeanExporter        : Registering beans for JMX exposure on startup
2018-06-11 21:12:40.788  INFO 10041 --- [main] o.s.b.w.embedded.tomcat.TomcatWebServer  : Tomcat started on port(s): 8080 (http) with context path ''
2018-06-11 21:12:40.793  INFO 10041 --- [main] com.example.master10.Application         : Started Application in 3.386 seconds (JVM running for 4.556)
2018-06-11 21:12:47.613  INFO 10041 --- [Thread-10] ConfigServletWebServerApplicationContext : Closing org.springframework.boot.web.servlet.context.AnnotationConfigServletWebServerApplicationContext@9f116cc: startup date [Mon Jun 11 21:12:38 COT 2018]; root of context hierarchy
2018-06-11 21:12:47.616  INFO 10041 --- [Thread-10] o.s.j.e.a.AnnotationMBeanExporter        : Unregistering JMX-exposed beans on shutdown
2018-06-11 21:13:48.082  INFO 10063 --- [main] com.example.master10.Application         : Starting Application on Camilos-MacBook-Pro.local with PID 10063 (/Users/McadaC/Documents/Study/Spring/master_spring_boot/master.1.0/out/production/classes started by McadaC in /Users/McadaC/Documents/Study/Spring/master_spring_boot/master.1.0)
2018-06-11 21:13:48.086  INFO 10063 --- [main] com.example.master10.Application         : The following profiles are active: dev
2018-06-11 21:13:48.169  INFO 10063 --- [main] ConfigServletWebServerApplicationContext : Refreshing org.springframework.boot.web.servlet.context.AnnotationConfigServletWebServerApplicationContext@7f0eb4b4: startup date [Mon Jun 11 21:13:48 COT 2018]; root of context hierarchy
2018-06-11 21:13:49.391  INFO 10063 --- [main] o.s.b.w.embedded.tomcat.TomcatWebServer  : Tomcat initialized with port(s): 8080 (http)
2018-06-11 21:13:49.414  INFO 10063 --- [main] o.apache.catalina.core.StandardService   : Starting service [Tomcat]
2018-06-11 21:13:49.414  INFO 10063 --- [main] org.apache.catalina.core.StandardEngine  : Starting Servlet Engine: Apache Tomcat/8.5.31
2018-06-11 21:13:49.418  INFO 10063 --- [localhost-startStop-1] o.a.catalina.core.AprLifecycleListener   : The APR based Apache Tomcat Native library which allows optimal performance in production environments was not found on the java.library.path: [/Users/McadaC/Library/Java/Extensions:/Library/Java/Extensions:/Network/Library/Java/Extensions:/System/Library/Java/Extensions:/usr/lib/java:.]
2018-06-11 21:13:49.486  INFO 10063 --- [localhost-startStop-1] o.a.c.c.C.[Tomcat].[localhost].[/]       : Initializing Spring embedded WebApplicationContext
2018-06-11 21:13:49.486  INFO 10063 --- [localhost-startStop-1] o.s.web.context.ContextLoader            : Root WebApplicationContext: initialization completed in 1318 ms
2018-06-11 21:13:49.612  INFO 10063 --- [localhost-startStop-1] o.s.b.w.servlet.ServletRegistrationBean  : Servlet dispatcherServlet mapped to [/]
2018-06-11 21:13:49.615  INFO 10063 --- [localhost-startStop-1] o.s.b.w.servlet.FilterRegistrationBean   : Mapping filter: 'characterEncodingFilter' to: [/*]
2018-06-11 21:13:49.616  INFO 10063 --- [localhost-startStop-1] o.s.b.w.servlet.FilterRegistrationBean   : Mapping filter: 'hiddenHttpMethodFilter' to: [/*]
2018-06-11 21:13:49.616  INFO 10063 --- [localhost-startStop-1] o.s.b.w.servlet.FilterRegistrationBean   : Mapping filter: 'httpPutFormContentFilter' to: [/*]
2018-06-11 21:13:49.616  INFO 10063 --- [localhost-startStop-1] o.s.b.w.servlet.FilterRegistrationBean   : Mapping filter: 'requestContextFilter' to: [/*]
2018-06-11 21:13:49.735  INFO 10063 --- [main] o.s.w.s.handler.SimpleUrlHandlerMapping  : Mapped URL path [/**/favicon.ico] onto handler of type [class org.springframework.web.servlet.resource.ResourceHttpRequestHandler]
2018-06-11 21:13:49.957  INFO 10063 --- [main] s.w.s.m.m.a.RequestMappingHandlerAdapter : Looking for @ControllerAdvice: org.springframework.boot.web.servlet.context.AnnotationConfigServletWebServerApplicationContext@7f0eb4b4: startup date [Mon Jun 11 21:13:48 COT 2018]; root of context hierarchy
2018-06-11 21:13:50.005  INFO 10063 --- [main] s.w.s.m.m.a.RequestMappingHandlerMapping : Mapped "{[/error]}" onto public org.springframework.http.ResponseEntity<java.util.Map<java.lang.String, java.lang.Object>> org.springframework.boot.autoconfigure.web.servlet.error.BasicErrorController.error(javax.servlet.http.HttpServletRequest)
2018-06-11 21:13:50.006  INFO 10063 --- [main] s.w.s.m.m.a.RequestMappingHandlerMapping : Mapped "{[/error],produces=[text/html]}" onto public org.springframework.web.servlet.ModelAndView org.springframework.boot.autoconfigure.web.servlet.error.BasicErrorController.errorHtml(javax.servlet.http.HttpServletRequest,javax.servlet.http.HttpServletResponse)
2018-06-11 21:13:50.029  INFO 10063 --- [main] o.s.w.s.handler.SimpleUrlHandlerMapping  : Mapped URL path [/webjars/**] onto handler of type [class org.springframework.web.servlet.resource.ResourceHttpRequestHandler]
2018-06-11 21:13:50.030  INFO 10063 --- [main] o.s.w.s.handler.SimpleUrlHandlerMapping  : Mapped URL path [/**] onto handler of type [class org.springframework.web.servlet.resource.ResourceHttpRequestHandler]
2018-06-11 21:13:50.166  INFO 10063 --- [main] o.s.j.e.a.AnnotationMBeanExporter        : Registering beans for JMX exposure on startup
2018-06-11 21:13:50.231  INFO 10063 --- [main] o.s.b.w.embedded.tomcat.TomcatWebServer  : Tomcat started on port(s): 8080 (http) with context path ''
2018-06-11 21:13:50.237  INFO 10063 --- [main] com.example.master10.Application         : Started Application in 3.099 seconds (JVM running for 4.147)
2018-06-11 21:13:57.151  INFO 10063 --- [Thread-9] ConfigServletWebServerApplicationContext : Closing org.springframework.boot.web.servlet.context.AnnotationConfigServletWebServerApplicationContext@7f0eb4b4: startup date [Mon Jun 11 21:13:48 COT 2018]; root of context hierarchy
2018-06-11 21:13:57.154  INFO 10063 --- [Thread-9] o.s.j.e.a.AnnotationMBeanExporter        : Unregistering JMX-exposed beans on shutdown
